[0m[[0m[0mdebug[0m] [0m[0m> Exec(early(addDefaultCommands), None, None)[0m
[0m[[0m[0mdebug[0m] [0m[0m> Exec(addDefaultCommands, None, None)[0m
[0m[[0m[0mdebug[0m] [0m[0m> Exec(early(initialize), None, None)[0m
[0m[[0m[0mdebug[0m] [0m[0m> Exec(initialize, None, None)[0m
[0m[[0m[0mdebug[0m] [0m[0m> Exec(early(addPluginSbtFile="""/private/var/folders/xx/z1dj89qx3jd0vyh21fv9n8rh0000gn/T/idea.sbt"""), None, None)[0m
[0m[[0m[0mdebug[0m] [0m[0m> Exec(addPluginSbtFile="""/private/var/folders/xx/z1dj89qx3jd0vyh21fv9n8rh0000gn/T/idea.sbt""", None, None)[0m
[0m[[0m[0mdebug[0m] [0m[0m> Exec(boot, None, None)[0m
[0m[[0m[0mdebug[0m] [0m[0m> Exec(writeSbtVersion, None, None)[0m
[0m[[0m[0mdebug[0m] [0m[0m> Exec(reload, None, None)[0m
[0m[[0m[0mdebug[0m] [0m[0m> Exec(sbtStashOnFailure, None, None)[0m
[0m[[0m[0mdebug[0m] [0m[0m> Exec(onFailure loadFailed, None, None)[0m
[0m[[0m[0mdebug[0m] [0m[0m> Exec(loadp, None, None)[0m
[0m[[0m[0minfo[0m] [0m[0mwelcome to sbt 1.8.2 (Eclipse Adoptium Java 17.0.3)[0m
[0m[[0m[0mdebug[0m] [0m[0m      Load.loadUnit: plugins took 34.047708ms[0m
[0m[[0m[0mdebug[0m] [0m[0m      Load.loadUnit: defsScala took 0.134833ms[0m
[0m[[0m[0mdebug[0m] [0m[0m[Loading] Scanning directory /Users/bertmeeuws/.sbt/1.0/plugins[0m
[0m[[0m[0mdebug[0m] [0m[0m[Loading] Found non-root projects [0m
[0m[[0m[0mdebug[0m] [0m[0m[Loading] Done in /Users/bertmeeuws/.sbt/1.0/plugins, returning: ()[0m
[0m[[0m[0mdebug[0m] [0m[0mdeducing auto plugins based on known facts Set(Atom(sbt.plugins.CorePlugin)) and clauses Clauses(Clause(Atom(sbt.plugins.JvmPlugin),Set(Atom(sbt.plugins.IvyPlugin)))[0m
[0m[[0m[0mdebug[0m] [0m[0mClause(Atom(sbt.ScriptedPlugin),Set(Atom(sbt.plugins.JvmPlugin)))[0m
[0m[[0m[0mdebug[0m] [0m[0mClause(Atom(sbt.plugins.SbtPlugin),Set(Atom(sbt.ScriptedPlugin)))[0m
[0m[[0m[0mdebug[0m] [0m[0mClause(Atom(sbt.plugins.SemanticdbPlugin),Set(Atom(sbt.plugins.JvmPlugin)))[0m
[0m[[0m[0mdebug[0m] [0m[0mClause(Atom(sbt.plugins.JUnitXmlReportPlugin),Set(Atom(sbt.plugins.JvmPlugin)))[0m
[0m[[0m[0mdebug[0m] [0m[0mClause(Atom(sbt.plugins.MiniDependencyTreePlugin),Set(Atom(sbt.plugins.JvmPlugin)))[0m
[0m[[0m[0mdebug[0m] [0m[0mClause(Atom(sbt.plugins.CorePlugin),Set(Atom(sbt.plugins.IvyPlugin)))[0m
[0m[[0m[0mdebug[0m] [0m[0mClause(Atom(sbt.plugins.IvyPlugin),Set(Atom(sbt.plugins.JvmPlugin)))[0m
[0m[[0m[0mdebug[0m] [0m[0mClause(Atom(sbt.plugins.JvmPlugin),Set(Atom(sbt.plugins.SemanticdbPlugin)))[0m
[0m[[0m[0mdebug[0m] [0m[0mClause(Atom(sbt.plugins.JvmPlugin),Set(Atom(sbt.plugins.JUnitXmlReportPlugin)))[0m
[0m[[0m[0mdebug[0m] [0m[0mClause(Atom(sbt.plugins.CorePlugin),Set(Atom(sbt.plugins.Giter8TemplatePlugin)))[0m
[0m[[0m[0mdebug[0m] [0m[0mClause(Atom(sbt.plugins.JvmPlugin),Set(Atom(sbt.plugins.MiniDependencyTreePlugin))))[0m
[0m[[0m[0mdebug[0m] [0m[0m  :: deduced result: Matched(sbt.plugins.CorePlugin,sbt.plugins.Giter8TemplatePlugin,sbt.plugins.IvyPlugin,sbt.plugins.JvmPlugin,sbt.plugins.MiniDependencyTreePlugin,sbt.plugins.JUnitXmlReportPlugin,sbt.plugins.SemanticdbPlugin)[0m
[0m[[0m[0mdebug[0m] [0m[0mPlugins.deducer#function took 6.198542 ms[0m
[0m[[0m[0mdebug[0m] [0m[0m          Load.resolveProject(global-plugins) took 21.325542ms[0m
[0m[[0m[0mdebug[0m] [0m[0m        Load.loadTransitive: finalizeProject(Project(id global-plugins, base: /Users/bertmeeuws/.sbt/1.0/plugins, plugins: List(<none>))) took 36.592375ms[0m
[0m[[0m[0mdebug[0m] [0m[0m[Loading] Done in /Users/bertmeeuws/.sbt/1.0/plugins, returning: (global-plugins)[0m
[0m[[0m[0mdebug[0m] [0m[0m      Load.loadUnit: loadedProjectsRaw took 46.291083ms[0m
[0m[[0m[0mdebug[0m] [0m[0m      Load.loadUnit: cleanEvalClasses took 0.1005ms[0m
[0m[[0m[0mdebug[0m] [0m[0m    Load.loadUnit(file:/Users/bertmeeuws/.sbt/1.0/plugins/, ...) took 84.966292ms[0m
[0m[[0m[0mdebug[0m] [0m[0m  Load.apply: load took 310.752583ms[0m
[0m[[0m[0mdebug[0m] [0m[0m  Load.apply: resolveProjects took 2.331958ms[0m
[0m[[0m[0mdebug[0m] [0m[0m  Load.apply: finalTransforms took 26.447875ms[0m
[0m[[0m[0mdebug[0m] [0m[0m  Load.apply: config.delegates took 3.619667ms[0m
[0m[[0m[0mdebug[0m] [0m[0m  Load.apply: Def.make(settings)... took 158.084875ms[0m
[0m[[0m[0mdebug[0m] [0m[0m  Load.apply: structureIndex took 35.322416ms[0m
[0m[[0m[0mdebug[0m] [0m[0m  Load.apply: mkStreams took 0.571584ms[0m
[0m[[0m[0minfo[0m] [0m[0mloading global plugins from /Users/bertmeeuws/.sbt/1.0/plugins[0m
[0m[[0m[0mdebug[0m] [0m[0mRunning task... Cancel: Signal, check cycles: false, forcegc: true[0m
[0m[[0m[0mdebug[0m] [0m[0mLoad.defaultLoad until apply took 1772.599208ms[0m
[0m[[0m[0mdebug[0m] [0m[0m          Load.loadUnit: plugins took 11.613208ms[0m
[0m[[0m[0mdebug[0m] [0m[0m          Load.loadUnit: defsScala took 0.001834ms[0m
[0m[[0m[0mdebug[0m] [0m[0m[Loading] Scanning directory /Users/bertmeeuws/Desktop/scala/JellyFin/project[0m
[0m[[0m[0mdebug[0m] [0m[0m            Load.loadUnit: mkEval took 2.895292ms[0m
[0m[[0m[0mdebug[0m] [0m[0m[Loading] Found non-root projects [0m
[0m[[0m[0mdebug[0m] [0m[0m[Loading] Done in /Users/bertmeeuws/Desktop/scala/JellyFin/project, returning: ()[0m
[0m[[0m[0mdebug[0m] [0m[0mdeducing auto plugins based on known facts Set(Atom(sbt.plugins.CorePlugin)) and clauses Clauses(Clause(Atom(sbt.plugins.JvmPlugin),Set(Atom(sbt.plugins.IvyPlugin)))[0m
[0m[[0m[0mdebug[0m] [0m[0mClause(Atom(sbt.ScriptedPlugin),Set(Atom(sbt.plugins.JvmPlugin)))[0m
[0m[[0m[0mdebug[0m] [0m[0mClause(Atom(sbt.plugins.SbtPlugin),Set(Atom(sbt.ScriptedPlugin)))[0m
[0m[[0m[0mdebug[0m] [0m[0mClause(Atom(sbt.plugins.SemanticdbPlugin),Set(Atom(sbt.plugins.JvmPlugin)))[0m
[0m[[0m[0mdebug[0m] [0m[0mClause(Atom(sbt.plugins.JUnitXmlReportPlugin),Set(Atom(sbt.plugins.JvmPlugin)))[0m
[0m[[0m[0mdebug[0m] [0m[0mClause(Atom(sbt.plugins.MiniDependencyTreePlugin),Set(Atom(sbt.plugins.JvmPlugin)))[0m
[0m[[0m[0mdebug[0m] [0m[0mClause(Atom(sbt.plugins.CorePlugin),Set(Atom(sbt.plugins.IvyPlugin)))[0m
[0m[[0m[0mdebug[0m] [0m[0mClause(Atom(sbt.plugins.IvyPlugin),Set(Atom(sbt.plugins.JvmPlugin)))[0m
[0m[[0m[0mdebug[0m] [0m[0mClause(Atom(sbt.plugins.JvmPlugin),Set(Atom(sbt.plugins.SemanticdbPlugin)))[0m
[0m[[0m[0mdebug[0m] [0m[0mClause(Atom(sbt.plugins.JvmPlugin),Set(Atom(sbt.plugins.JUnitXmlReportPlugin)))[0m
[0m[[0m[0mdebug[0m] [0m[0mClause(Atom(sbt.plugins.CorePlugin),Set(Atom(sbt.plugins.Giter8TemplatePlugin)))[0m
[0m[[0m[0mdebug[0m] [0m[0mClause(Atom(sbt.plugins.JvmPlugin),Set(Atom(sbt.plugins.MiniDependencyTreePlugin))))[0m
[0m[[0m[0mdebug[0m] [0m[0m  :: deduced result: Matched(sbt.plugins.CorePlugin,sbt.plugins.Giter8TemplatePlugin,sbt.plugins.IvyPlugin,sbt.plugins.JvmPlugin,sbt.plugins.MiniDependencyTreePlugin,sbt.plugins.JUnitXmlReportPlugin,sbt.plugins.SemanticdbPlugin)[0m
[0m[[0m[0mdebug[0m] [0m[0mPlugins.deducer#function took 0.530834 ms[0m
[0m[[0m[0minfo[0m] [0m[0mloading settings for project jellyfin-build from idea.sbt ...[0m
[0m[[0m[0mdebug[0m] [0m[0m              Load.resolveProject(jellyfin-build) took 2.822416ms[0m
[0m[[0m[0mdebug[0m] [0m[0m            Load.loadTransitive: finalizeProject(Project(id jellyfin-build, base: /Users/bertmeeuws/Desktop/scala/JellyFin/project, plugins: List(<none>))) took 3.664708ms[0m
[0m[[0m[0mdebug[0m] [0m[0m[Loading] Done in /Users/bertmeeuws/Desktop/scala/JellyFin/project, returning: (jellyfin-build)[0m
[0m[[0m[0mdebug[0m] [0m[0m          Load.loadUnit: loadedProjectsRaw took 1105.463042ms[0m
[0m[[0m[0mdebug[0m] [0m[0m          Load.loadUnit: cleanEvalClasses took 1.80425ms[0m
[0m[[0m[0mdebug[0m] [0m[0m        Load.loadUnit(file:/Users/bertmeeuws/Desktop/scala/JellyFin/project/, ...) took 1119.3375ms[0m
[0m[[0m[0mdebug[0m] [0m[0m      Load.apply: load took 1120.180209ms[0m
[0m[[0m[0mdebug[0m] [0m[0m      Load.apply: resolveProjects took 0.090875ms[0m
[0m[[0m[0mdebug[0m] [0m[0m      Load.apply: finalTransforms took 3.878125ms[0m
[0m[[0m[0mdebug[0m] [0m[0m      Load.apply: config.delegates took 0.184625ms[0m
[0m[[0m[0mdebug[0m] [0m[0m      Load.apply: Def.make(settings)... took 57.4585ms[0m
[0m[[0m[0mdebug[0m] [0m[0m      Load.apply: structureIndex took 13.477792ms[0m
[0m[[0m[0mdebug[0m] [0m[0m      Load.apply: mkStreams took 0.00175ms[0m
[0m[[0m[0minfo[0m] [0m[0mloading project definition from /Users/bertmeeuws/Desktop/scala/JellyFin/project[0m
[0m[[0m[0mdebug[0m] [0m[0mRunning task... Cancel: Signal, check cycles: false, forcegc: true[0m
[0m[[0m[33mwarn[0m] [0m[0mUnrecognized repository Scala Plugin Bundled Repository, ignoring it[0m
[0m[[0m[33mwarn[0m] [0m[0mUnrecognized repository Scala Plugin Bundled Repository, ignoring it[0m
[0m[[0m[0mdebug[0m] [0m[0m    Load.loadUnit: plugins took 4167.135375ms[0m
[0m[[0m[0mdebug[0m] [0m[0m    Load.loadUnit: defsScala took 0.001916ms[0m
[0m[[0m[0mdebug[0m] [0m[0m[Loading] Scanning directory /Users/bertmeeuws/Desktop/scala/JellyFin[0m
[0m[[0m[0mdebug[0m] [0m[0m      Load.loadUnit: mkEval took 0.118417ms[0m
[0m[[0m[31merror[0m] [0m[0mjava.lang.ClassNotFoundException: $7f7417a673e16603aa0a$[0m
[0m[[0m[31merror[0m] [0m[0m	at scala.reflect.internal.util.AbstractFileClassLoader.findClass(AbstractFileClassLoader.scala:72)[0m
[0m[[0m[31merror[0m] [0m[0m	at java.base/java.lang.ClassLoader.loadClass(ClassLoader.java:587)[0m
[0m[[0m[31merror[0m] [0m[0m	at java.base/java.lang.ClassLoader.loadClass(ClassLoader.java:520)[0m
[0m[[0m[31merror[0m] [0m[0m	at java.base/java.lang.Class.forName0(Native Method)[0m
[0m[[0m[31merror[0m] [0m[0m	at java.base/java.lang.Class.forName(Class.java:467)[0m
[0m[[0m[31merror[0m] [0m[0m	at sbt.compiler.Eval$.getModule(Eval.scala:607)[0m
[0m[[0m[31merror[0m] [0m[0m	at sbt.compiler.EvalDefinitions.values(Eval.scala:58)[0m
[0m[[0m[31merror[0m] [0m[0m	at sbt.internal.DefinedSbtValues.$anonfun$values$1(LoadedSbtFile.scala:50)[0m
[0m[[0m[31merror[0m] [0m[0m	at scala.collection.immutable.List.flatMap(List.scala:366)[0m
[0m[[0m[31merror[0m] [0m[0m	at sbt.internal.DefinedSbtValues.values(LoadedSbtFile.scala:50)[0m
[0m[[0m[31merror[0m] [0m[0m	at sbt.internal.EvaluateConfigurations$.$anonfun$evaluateSbtFile$4(EvaluateConfigurations.scala:166)[0m
[0m[[0m[31merror[0m] [0m[0m	at sbt.internal.Load$.loadSettingsFile$1(Load.scala:1119)[0m
[0m[[0m[31merror[0m] [0m[0m	at sbt.internal.Load$.$anonfun$discoverProjects$2(Load.scala:1128)[0m
[0m[[0m[31merror[0m] [0m[0m	at scala.collection.MapLike.getOrElse(MapLike.scala:131)[0m
[0m[[0m[31merror[0m] [0m[0m	at scala.collection.MapLike.getOrElse$(MapLike.scala:129)[0m
[0m[[0m[31merror[0m] [0m[0m	at scala.collection.AbstractMap.getOrElse(Map.scala:65)[0m
[0m[[0m[31merror[0m] [0m[0m	at sbt.internal.Load$.memoLoadSettingsFile$1(Load.scala:1127)[0m
[0m[[0m[31merror[0m] [0m[0m	at sbt.internal.Load$.$anonfun$discoverProjects$4(Load.scala:1135)[0m
[0m[[0m[31merror[0m] [0m[0m	at scala.collection.immutable.List.map(List.scala:293)[0m
[0m[[0m[31merror[0m] [0m[0m	at sbt.internal.Load$.loadFiles$1(Load.scala:1135)[0m
[0m[[0m[31merror[0m] [0m[0m	at sbt.internal.Load$.discoverProjects(Load.scala:1149)[0m
[0m[[0m[31merror[0m] [0m[0m	at sbt.internal.Load$.discover$1(Load.scala:901)[0m
[0m[[0m[31merror[0m] [0m[0m	at sbt.internal.Load$.loadTransitive(Load.scala:955)[0m
[0m[[0m[31merror[0m] [0m[0m	at sbt.internal.Load$.loadProjects$1(Load.scala:738)[0m
[0m[[0m[31merror[0m] [0m[0m	at sbt.internal.Load$.$anonfun$loadUnit$12(Load.scala:741)[0m
[0m[[0m[31merror[0m] [0m[0m	at sbt.internal.Load$.timed(Load.scala:1406)[0m
[0m[[0m[31merror[0m] [0m[0m	at sbt.internal.Load$.$anonfun$loadUnit$1(Load.scala:741)[0m
[0m[[0m[31merror[0m] [0m[0m	at sbt.internal.Load$.timed(Load.scala:1406)[0m
[0m[[0m[31merror[0m] [0m[0m	at sbt.internal.Load$.loadUnit(Load.scala:694)[0m
[0m[[0m[31merror[0m] [0m[0m	at sbt.internal.Load$.$anonfun$builtinLoader$4(Load.scala:492)[0m
[0m[[0m[31merror[0m] [0m[0m	at sbt.internal.BuildLoader$.$anonfun$componentLoader$5(BuildLoader.scala:180)[0m
[0m[[0m[31merror[0m] [0m[0m	at sbt.internal.BuildLoader.apply(BuildLoader.scala:245)[0m
[0m[[0m[31merror[0m] [0m[0m	at sbt.internal.Load$.loadURI$1(Load.scala:554)[0m
[0m[[0m[31merror[0m] [0m[0m	at sbt.internal.Load$.loadAll(Load.scala:570)[0m
[0m[[0m[31merror[0m] [0m[0m	at sbt.internal.Load$.loadURI(Load.scala:500)[0m
[0m[[0m[31merror[0m] [0m[0m	at sbt.internal.Load$.load(Load.scala:479)[0m
[0m[[0m[31merror[0m] [0m[0m	at sbt.internal.Load$.$anonfun$apply$1(Load.scala:241)[0m
[0m[[0m[31merror[0m] [0m[0m	at sbt.internal.Load$.timed(Load.scala:1406)[0m
[0m[[0m[31merror[0m] [0m[0m	at sbt.internal.Load$.apply(Load.scala:241)[0m
[0m[[0m[31merror[0m] [0m[0m	at sbt.internal.Load$.defaultLoad(Load.scala:56)[0m
[0m[[0m[31merror[0m] [0m[0m	at sbt.BuiltinCommands$.liftedTree1$1(Main.scala:961)[0m
[0m[[0m[31merror[0m] [0m[0m	at sbt.BuiltinCommands$.doLoadProject(Main.scala:961)[0m
[0m[[0m[31merror[0m] [0m[0m	at sbt.BuiltinCommands$.$anonfun$loadProjectImpl$2(Main.scala:914)[0m
[0m[[0m[31merror[0m] [0m[0m	at sbt.Command$.$anonfun$applyEffect$4(Command.scala:150)[0m
[0m[[0m[31merror[0m] [0m[0m	at sbt.Command$.$anonfun$applyEffect$2(Command.scala:145)[0m
[0m[[0m[31merror[0m] [0m[0m	at sbt.Command$.process(Command.scala:189)[0m
[0m[[0m[31merror[0m] [0m[0m	at sbt.MainLoop$.$anonfun$processCommand$5(MainLoop.scala:245)[0m
[0m[[0m[31merror[0m] [0m[0m	at scala.Option.getOrElse(Option.scala:189)[0m
[0m[[0m[31merror[0m] [0m[0m	at sbt.MainLoop$.process$1(MainLoop.scala:245)[0m
[0m[[0m[31merror[0m] [0m[0m	at sbt.MainLoop$.processCommand(MainLoop.scala:278)[0m
[0m[[0m[31merror[0m] [0m[0m	at sbt.MainLoop$.$anonfun$next$5(MainLoop.scala:163)[0m
[0m[[0m[31merror[0m] [0m[0m	at sbt.State$StateOpsImpl$.runCmd$1(State.scala:289)[0m
[0m[[0m[31merror[0m] [0m[0m	at sbt.State$StateOpsImpl$.process$extension(State.scala:325)[0m
[0m[[0m[31merror[0m] [0m[0m	at sbt.MainLoop$.$anonfun$next$4(MainLoop.scala:163)[0m
[0m[[0m[31merror[0m] [0m[0m	at sbt.internal.util.ErrorHandling$.wideConvert(ErrorHandling.scala:23)[0m
[0m[[0m[31merror[0m] [0m[0m	at sbt.MainLoop$.next(MainLoop.scala:163)[0m
[0m[[0m[31merror[0m] [0m[0m	at sbt.MainLoop$.run(MainLoop.scala:144)[0m
[0m[[0m[31merror[0m] [0m[0m	at sbt.MainLoop$.$anonfun$runWithNewLog$1(MainLoop.scala:119)[0m
[0m[[0m[31merror[0m] [0m[0m	at sbt.io.Using.apply(Using.scala:27)[0m
[0m[[0m[31merror[0m] [0m[0m	at sbt.MainLoop$.runWithNewLog(MainLoop.scala:112)[0m
[0m[[0m[31merror[0m] [0m[0m	at sbt.MainLoop$.runAndClearLast(MainLoop.scala:66)[0m
[0m[[0m[31merror[0m] [0m[0m	at sbt.MainLoop$.runLoggedLoop(MainLoop.scala:51)[0m
[0m[[0m[31merror[0m] [0m[0m	at sbt.MainLoop$.runLogged(MainLoop.scala:42)[0m
[0m[[0m[31merror[0m] [0m[0m	at sbt.StandardMain$.runManaged(Main.scala:223)[0m
[0m[[0m[31merror[0m] [0m[0m	at sbt.xMain$.$anonfun$run$11(Main.scala:133)[0m
[0m[[0m[31merror[0m] [0m[0m	at scala.util.DynamicVariable.withValue(DynamicVariable.scala:62)[0m
[0m[[0m[31merror[0m] [0m[0m	at scala.Console$.withIn(Console.scala:230)[0m
[0m[[0m[31merror[0m] [0m[0m	at sbt.internal.util.Terminal$.withIn(Terminal.scala:578)[0m
[0m[[0m[31merror[0m] [0m[0m	at sbt.internal.util.Terminal$.$anonfun$withStreams$1(Terminal.scala:358)[0m
[0m[[0m[31merror[0m] [0m[0m	at scala.util.DynamicVariable.withValue(DynamicVariable.scala:62)[0m
[0m[[0m[31merror[0m] [0m[0m	at scala.Console$.withOut(Console.scala:167)[0m
[0m[[0m[31merror[0m] [0m[0m	at sbt.internal.util.Terminal$.$anonfun$withOut$2(Terminal.scala:568)[0m
[0m[[0m[31merror[0m] [0m[0m	at scala.util.DynamicVariable.withValue(DynamicVariable.scala:62)[0m
[0m[[0m[31merror[0m] [0m[0m	at scala.Console$.withErr(Console.scala:196)[0m
[0m[[0m[31merror[0m] [0m[0m	at sbt.internal.util.Terminal$.withOut(Terminal.scala:568)[0m
[0m[[0m[31merror[0m] [0m[0m	at sbt.internal.util.Terminal$.withStreams(Terminal.scala:358)[0m
[0m[[0m[31merror[0m] [0m[0m	at sbt.xMain$.withStreams$1(Main.scala:87)[0m
[0m[[0m[31merror[0m] [0m[0m	at sbt.xMain$.run(Main.scala:121)[0m
[0m[[0m[31merror[0m] [0m[0m	at java.base/jdk.internal.reflect.NativeMethodAccessorImpl.invoke0(Native Method)[0m
[0m[[0m[31merror[0m] [0m[0m	at java.base/jdk.internal.reflect.NativeMethodAccessorImpl.invoke(NativeMethodAccessorImpl.java:77)[0m
[0m[[0m[31merror[0m] [0m[0m	at java.base/jdk.internal.reflect.DelegatingMethodAccessorImpl.invoke(DelegatingMethodAccessorImpl.java:43)[0m
[0m[[0m[31merror[0m] [0m[0m	at java.base/java.lang.reflect.Method.invoke(Method.java:568)[0m
[0m[[0m[31merror[0m] [0m[0m	at sbt.internal.XMainConfiguration.run(XMainConfiguration.java:57)[0m
[0m[[0m[31merror[0m] [0m[0m	at sbt.xMain.run(Main.scala:46)[0m
[0m[[0m[31merror[0m] [0m[0m	at xsbt.boot.Launch$.$anonfun$run$1(Launch.scala:149)[0m
[0m[[0m[31merror[0m] [0m[0m	at xsbt.boot.Launch$.withContextLoader(Launch.scala:176)[0m
[0m[[0m[31merror[0m] [0m[0m	at xsbt.boot.Launch$.run(Launch.scala:149)[0m
[0m[[0m[31merror[0m] [0m[0m	at xsbt.boot.Launch$.$anonfun$apply$1(Launch.scala:44)[0m
[0m[[0m[31merror[0m] [0m[0m	at xsbt.boot.Launch$.launch(Launch.scala:159)[0m
[0m[[0m[31merror[0m] [0m[0m	at xsbt.boot.Launch$.apply(Launch.scala:44)[0m
[0m[[0m[31merror[0m] [0m[0m	at xsbt.boot.Launch$.apply(Launch.scala:21)[0m
[0m[[0m[31merror[0m] [0m[0m	at xsbt.boot.Boot$.runImpl(Boot.scala:78)[0m
[0m[[0m[31merror[0m] [0m[0m	at xsbt.boot.Boot$.run(Boot.scala:73)[0m
[0m[[0m[31merror[0m] [0m[0m	at xsbt.boot.Boot$.main(Boot.scala:21)[0m
[0m[[0m[31merror[0m] [0m[0m	at xsbt.boot.Boot.main(Boot.scala)[0m
[0m[[0m[31merror[0m] [0m[0mjava.lang.ClassNotFoundException: $7f7417a673e16603aa0a$[0m
[0m[[0m[31merror[0m] [0m[0mUse 'last' for the full log.[0m
[0m[[0m[0mdebug[0m] [0m[0m> Exec(loadFailed, None, None)[0m
[0m[[0m[33mwarn[0m] [0m[0mProject loading failed: (r)etry, (q)uit, (l)ast, or (i)gnore? (default: r)[0m
